<?xml version="1.0" encoding="UTF-8"?><testsuite errors="0" failures="0" name="Quiero ingresar a la pagina principal de travelocity" skipped="0" tests="10" time="11.46" timestamp="2021-04-12 06:40:05"><testcase name="Visualizar itinerarios de cruceros"/><testcase name="Atencion al cliente"/><testcase name="Anunciar una propiedad"/><testcase name="Contactar a travelocity"/><testcase name="opcion mis viajes"/><testcase name="Me gusta a una  imagen"/><testcase name="Cambiar idioma"/><testcase name="Tarjeta no valida"/><testcase name="informacion no encontrada por temas de covid"/><testcase name="Descarga de aplicacion movil"/></testsuite>