<?xml version="1.0" encoding="UTF-8"?><testsuite errors="0" failures="0" name="Quiero ingresar a la aplicacion con credenciales" skipped="0" tests="6" time="11.17" timestamp="2021-04-12 06:39:29"><testcase name="Creacion de cuenta con correo electronico"/><testcase name="Registro de cuenta por Facebook"/><testcase name="Registro de cuenta por apple"/><testcase name="Atenticacion fallida"/><testcase name="Atenticacion  fallida usuario existente"/><testcase name="Creacion de cuenta fallida por catchap"/></testsuite>